[0m[1m[33mwarning[0m[0m[1m: unused variable: `i`[0m
[0m   [0m[0m[1m[38;5;12m--> [0m[0msrc/main.rs:189:14[0m
[0m    [0m[0m[1m[38;5;12m|[0m
[0m[1m[38;5;12m189[0m[0m [0m[0m[1m[38;5;12m|[0m[0m [0m[0m        for (i, row) in self.board.iter().enumerate() {[0m
[0m    [0m[0m[1m[38;5;12m|[0m[0m              [0m[0m[1m[33m^[0m[0m [0m[0m[1m[33mhelp: if this is intentional, prefix it with an underscore: `_i`[0m
[0m    [0m[0m[1m[38;5;12m|[0m
[0m    [0m[0m[1m[38;5;12m= [0m[0m[1mnote[0m[0m: `#[warn(unused_variables)]` on by default[0m

[0m[1m[33mwarning[0m[0m[1m: unused variable: `i`[0m
[0m   [0m[0m[1m[38;5;12m--> [0m[0msrc/main.rs:189:14[0m
[0m    [0m[0m[1m[38;5;12m|[0m
[0m[1m[38;5;12m189[0m[0m [0m[0m[1m[38;5;12m|[0m[0m [0m[0m        for (i, row) in self.board.iter().enumerate() {[0m
[0m    [0m[0m[1m[38;5;12m|[0m[0m              [0m[0m[1m[33m^[0m[0m [0m[0m[1m[33mhelp: if this is intentional, prefix it with an underscore: `_i`[0m
[0m    [0m[0m[1m[38;5;12m|[0m
[0m    [0m[0m[1m[38;5;12m= [0m[0m[1mnote[0m[0m: `#[warn(unused_variables)]` on by default[0m

[0m[1m[33mwarning[0m[0m[1m: unused variable: `i`[0m
[0m   [0m[0m[1m[38;5;12m--> [0m[0msrc/main.rs:189:14[0m
[0m    [0m[0m[1m[38;5;12m|[0m
[0m[1m[38;5;12m189[0m[0m [0m[0m[1m[38;5;12m|[0m[0m [0m[0m        for (i, row) in self.board.iter().enumerate() {[0m
[0m    [0m[0m[1m[38;5;12m|[0m[0m              [0m[0m[1m[33m^[0m[0m [0m[0m[1m[33mhelp: if this is intentional, prefix it with an underscore: `_i`[0m
[0m    [0m[0m[1m[38;5;12m|[0m
[0m    [0m[0m[1m[38;5;12m= [0m[0m[1mnote[0m[0m: `#[warn(unused_variables)]` on by default[0m

