[0m[1m[33mwarning[0m[0m[1m: unused import: `anyhow`[0m
[0m [0m[0m[1m[38;5;12m--> [0m[0msrc/lib.rs:6:14[0m
[0m  [0m[0m[1m[38;5;12m|[0m
[0m[1m[38;5;12m6[0m[0m [0m[0m[1m[38;5;12m|[0m[0m [0m[0muse anyhow::{anyhow, Context, Result};[0m
[0m  [0m[0m[1m[38;5;12m|[0m[0m              [0m[0m[1m[33m^^^^^^[0m
[0m  [0m[0m[1m[38;5;12m|[0m
[0m  [0m[0m[1m[38;5;12m= [0m[0m[1mnote[0m[0m: `#[warn(unused_imports)]` on by default[0m

[0m[1m[33mwarning[0m[0m[1m: unused import: `anyhow`[0m
[0m [0m[0m[1m[38;5;12m--> [0m[0msrc/lib.rs:6:14[0m
[0m  [0m[0m[1m[38;5;12m|[0m
[0m[1m[38;5;12m6[0m[0m [0m[0m[1m[38;5;12m|[0m[0m [0m[0muse anyhow::{anyhow, Context, Result};[0m
[0m  [0m[0m[1m[38;5;12m|[0m[0m              [0m[0m[1m[33m^^^^^^[0m
[0m  [0m[0m[1m[38;5;12m|[0m
[0m  [0m[0m[1m[38;5;12m= [0m[0m[1mnote[0m[0m: `#[warn(unused_imports)]` on by default[0m

[0m[1m[33mwarning[0m[0m[1m: unused import: `anyhow`[0m
[0m [0m[0m[1m[38;5;12m--> [0m[0msrc/lib.rs:6:14[0m
[0m  [0m[0m[1m[38;5;12m|[0m
[0m[1m[38;5;12m6[0m[0m [0m[0m[1m[38;5;12m|[0m[0m [0m[0muse anyhow::{anyhow, Context, Result};[0m
[0m  [0m[0m[1m[38;5;12m|[0m[0m              [0m[0m[1m[33m^^^^^^[0m
[0m  [0m[0m[1m[38;5;12m|[0m
[0m  [0m[0m[1m[38;5;12m= [0m[0m[1mnote[0m[0m: `#[warn(unused_imports)]` on by default[0m

